  0 File(s) copied
  BaseController.cpp
D:\Training\udacity\flying_car_nanodegree\FCND-Estimation-CPP\src\Math\Mat3x3F.h(89,11): warning C4244: 'initializing': conversion from 'double' to 'float', possible loss of data
D:\Training\udacity\flying_car_nanodegree\FCND-Estimation-CPP\src\Math\Mat3x3F.h(90,11): warning C4244: 'initializing': conversion from 'double' to 'float', possible loss of data
  BaseQuadEstimator.cpp
D:\Training\udacity\flying_car_nanodegree\FCND-Estimation-CPP\src\Math\Mat3x3F.h(89,11): warning C4244: 'initializing': conversion from 'double' to 'float', possible loss of data
D:\Training\udacity\flying_car_nanodegree\FCND-Estimation-CPP\src\Math\Mat3x3F.h(90,11): warning C4244: 'initializing': conversion from 'double' to 'float', possible loss of data
  ColorUtils.cpp
  DrawingFuncs.cpp
D:\Training\udacity\flying_car_nanodegree\FCND-Estimation-CPP\src\Math\Mat3x3F.h(89,11): warning C4244: 'initializing': conversion from 'double' to 'float', possible loss of data
D:\Training\udacity\flying_car_nanodegree\FCND-Estimation-CPP\src\Math\Mat3x3F.h(90,11): warning C4244: 'initializing': conversion from 'double' to 'float', possible loss of data
D:\Training\udacity\flying_car_nanodegree\FCND-Estimation-CPP\src\Math\Quaternion.h(332,14): warning C4244: '=': conversion from 'double' to 'T', possible loss of data
          with
          [
              T=float
          ]
D:\Training\udacity\flying_car_nanodegree\FCND-Estimation-CPP\src\Math\Quaternion.h(328): message : while compiling class template member function 'V3D SLR::Quaternion<float>::ToEulerYPR(void) const'
D:\Training\udacity\flying_car_nanodegree\FCND-Estimation-CPP\src\Drawing\DrawingFuncs.cpp(300): message : see reference to function template instantiation 'V3D SLR::Quaternion<float>::ToEulerYPR(void) const' being compiled
D:\Training\udacity\flying_car_nanodegree\FCND-Estimation-CPP\src\Drawing\DrawingFuncs.cpp(292): message : see reference to class template instantiation 'SLR::Quaternion<float>' being compiled
D:\Training\udacity\flying_car_nanodegree\FCND-Estimation-CPP\src\Math\Quaternion.h(334,13): warning C4244: '=': conversion from 'double' to 'T', possible loss of data
          with
          [
              T=float
          ]
D:\Training\udacity\flying_car_nanodegree\FCND-Estimation-CPP\src\Math\Quaternion.h(337,14): warning C4244: '=': conversion from 'double' to 'T', possible loss of data
          with
          [
              T=float
          ]
  GLUTMenu.cpp
D:\Training\udacity\flying_car_nanodegree\FCND-Estimation-CPP\src\Math\Mat3x3F.h(89,11): warning C4244: 'initializing': conversion from 'double' to 'float', possible loss of data
D:\Training\udacity\flying_car_nanodegree\FCND-Estimation-CPP\src\Math\Mat3x3F.h(90,11): warning C4244: 'initializing': conversion from 'double' to 'float', possible loss of data
  Graph.cpp
D:\Training\udacity\flying_car_nanodegree\FCND-Estimation-CPP\src\Math\Mat3x3F.h(89,11): warning C4244: 'initializing': conversion from 'double' to 'float', possible loss of data
D:\Training\udacity\flying_car_nanodegree\FCND-Estimation-CPP\src\Math\Mat3x3F.h(90,11): warning C4244: 'initializing': conversion from 'double' to 'float', possible loss of data
  GraphManager.cpp
  Visualizer_GLUT.cpp
D:\Training\udacity\flying_car_nanodegree\FCND-Estimation-CPP\src\Math\Mat3x3F.h(89,11): warning C4244: 'initializing': conversion from 'double' to 'float', possible loss of data
D:\Training\udacity\flying_car_nanodegree\FCND-Estimation-CPP\src\Math\Mat3x3F.h(90,11): warning C4244: 'initializing': conversion from 'double' to 'float', possible loss of data
  main.cpp
D:\Training\udacity\flying_car_nanodegree\FCND-Estimation-CPP\src\Math\Mat3x3F.h(89,11): warning C4244: 'initializing': conversion from 'double' to 'float', possible loss of data
D:\Training\udacity\flying_car_nanodegree\FCND-Estimation-CPP\src\Math\Mat3x3F.h(90,11): warning C4244: 'initializing': conversion from 'double' to 'float', possible loss of data
  Geometry.cpp
  Random.cpp
  MavlinkNode.cpp
D:\Training\udacity\flying_car_nanodegree\FCND-Estimation-CPP\lib\mavlink\mavlink_conversions.h(72,17): warning C4244: '=': conversion from 'double' to 'float', possible loss of data
  MavlinkTranslation.cpp
D:\Training\udacity\flying_car_nanodegree\FCND-Estimation-CPP\src\Math\Mat3x3F.h(89,11): warning C4244: 'initializing': conversion from 'double' to 'float', possible loss of data
D:\Training\udacity\flying_car_nanodegree\FCND-Estimation-CPP\src\Math\Mat3x3F.h(90,11): warning C4244: 'initializing': conversion from 'double' to 'float', possible loss of data
D:\Training\udacity\flying_car_nanodegree\FCND-Estimation-CPP\lib\mavlink\mavlink_conversions.h(72,17): warning C4244: '=': conversion from 'double' to 'float', possible loss of data
D:\Training\udacity\flying_car_nanodegree\FCND-Estimation-CPP\src\Math\Quaternion.h(357,17): warning C4244: 'return': conversion from 'double' to 'float', possible loss of data
D:\Training\udacity\flying_car_nanodegree\FCND-Estimation-CPP\src\Math\Quaternion.h(355): message : while compiling class template member function 'float SLR::Quaternion<float>::Roll(void) const'
D:\Training\udacity\flying_car_nanodegree\FCND-Estimation-CPP\src\MavlinkNode\MavlinkTranslation.cpp(63): message : see reference to function template instantiation 'float SLR::Quaternion<float>::Roll(void) const' being compiled
D:\Training\udacity\flying_car_nanodegree\FCND-Estimation-CPP\src\MavlinkNode\MavlinkTranslation.cpp(58): message : see reference to class template instantiation 'SLR::Quaternion<float>' being compiled
D:\Training\udacity\flying_car_nanodegree\FCND-Estimation-CPP\src\Math\Quaternion.h(351,16): warning C4244: 'return': conversion from 'double' to 'float', possible loss of data
D:\Training\udacity\flying_car_nanodegree\FCND-Estimation-CPP\src\Math\Quaternion.h(350): message : while compiling class template member function 'float SLR::Quaternion<float>::Pitch(void) const'
D:\Training\udacity\flying_car_nanodegree\FCND-Estimation-CPP\src\MavlinkNode\MavlinkTranslation.cpp(63): message : see reference to function template instantiation 'float SLR::Quaternion<float>::Pitch(void) const' being compiled
D:\Training\udacity\flying_car_nanodegree\FCND-Estimation-CPP\src\Math\Quaternion.h(346,17): warning C4244: 'return': conversion from 'double' to 'float', possible loss of data
D:\Training\udacity\flying_car_nanodegree\FCND-Estimation-CPP\src\Math\Quaternion.h(344): message : while compiling class template member function 'float SLR::Quaternion<float>::Yaw(void) const'
D:\Training\udacity\flying_car_nanodegree\FCND-Estimation-CPP\src\MavlinkNode\MavlinkTranslation.cpp(63): message : see reference to function template instantiation 'float SLR::Quaternion<float>::Yaw(void) const' being compiled
  PracticalSocket.cpp
D:\Training\udacity\flying_car_nanodegree\FCND-Estimation-CPP\src\MavlinkNode\PracticalSocket.cpp(114,25): warning C4244: '=': conversion from 'SOCKET' to 'int', possible loss of data
D:\Training\udacity\flying_car_nanodegree\FCND-Estimation-CPP\src\MavlinkNode\PracticalSocket.cpp(285,28): warning C4244: '=': conversion from 'SOCKET' to 'int', possible loss of data
  QuadControl.cpp
D:\Training\udacity\flying_car_nanodegree\FCND-Estimation-CPP\src\Math\Mat3x3F.h(89,11): warning C4244: 'initializing': conversion from 'double' to 'float', possible loss of data
D:\Training\udacity\flying_car_nanodegree\FCND-Estimation-CPP\src\Math\Mat3x3F.h(90,11): warning C4244: 'initializing': conversion from 'double' to 'float', possible loss of data
D:\Training\udacity\flying_car_nanodegree\FCND-Estimation-CPP\src\QuadControl.cpp(266,11): warning C4244: 'initializing': conversion from 'double' to 'float', possible loss of data
  QuadEstimatorEKF.cpp
D:\Training\udacity\flying_car_nanodegree\FCND-Estimation-CPP\src\Math\Mat3x3F.h(89,11): warning C4244: 'initializing': conversion from 'double' to 'float', possible loss of data
D:\Training\udacity\flying_car_nanodegree\FCND-Estimation-CPP\src\Math\Mat3x3F.h(90,11): warning C4244: 'initializing': conversion from 'double' to 'float', possible loss of data
D:\Training\udacity\flying_car_nanodegree\FCND-Estimation-CPP\src\QuadEstimatorEKF.cpp(183,51): warning C4244: '=': conversion from 'double' to 'float', possible loss of data
  BaseDynamics.cpp
D:\Training\udacity\flying_car_nanodegree\FCND-Estimation-CPP\src\Math\Mat3x3F.h(89,11): warning C4244: 'initializing': conversion from 'double' to 'float', possible loss of data
D:\Training\udacity\flying_car_nanodegree\FCND-Estimation-CPP\src\Math\Mat3x3F.h(90,11): warning C4244: 'initializing': conversion from 'double' to 'float', possible loss of data
  QuadDynamics.cpp
D:\Training\udacity\flying_car_nanodegree\FCND-Estimation-CPP\src\Math\Mat3x3F.h(89,11): warning C4244: 'initializing': conversion from 'double' to 'float', possible loss of data
D:\Training\udacity\flying_car_nanodegree\FCND-Estimation-CPP\src\Math\Mat3x3F.h(90,11): warning C4244: 'initializing': conversion from 'double' to 'float', possible loss of data
  Simulator.cpp
  Trajectory.cpp
D:\Training\udacity\flying_car_nanodegree\FCND-Estimation-CPP\src\Math\Mat3x3F.h(89,11): warning C4244: 'initializing': conversion from 'double' to 'float', possible loss of data
D:\Training\udacity\flying_car_nanodegree\FCND-Estimation-CPP\src\Math\Mat3x3F.h(90,11): warning C4244: 'initializing': conversion from 'double' to 'float', possible loss of data
  Generating Code...
  Compiling...
  Camera.cpp
  SimpleConfig.cpp
  Timer.cpp
  Generating Code...
  Simulator.vcxproj -> D:\Training\udacity\flying_car_nanodegree\FCND-Estimation-CPP\project\x64\Debug\Simulator.exe
